<<<<<<< HEAD
10/03/2021 11:20:12 [GridWorld]: --- New Session Started
10/03/2021 11:20:26 [GridWorld]: --- New Session Started
10/03/2021 11:20:26 [Markov]: --- New Session Started
10/03/2021 11:21:39 [GridWorld]: --- New Session Started
10/03/2021 11:21:40 [Markov]: --- New Session Started
10/03/2021 11:23:42 [GridWorld]: --- New Session Started
10/03/2021 11:23:43 [Markov]: --- New Session Started
10/03/2021 11:24:38 [GridWorld]: --- New Session Started
10/03/2021 11:24:39 [Markov]: --- New Session Started
10/03/2021 11:26:44 [GridWorld]: --- New Session Started
10/03/2021 11:26:45 [Markov]: --- New Session Started
10/03/2021 11:27:11 [GridWorld]: --- New Session Started
10/03/2021 11:27:12 [Markov]: --- New Session Started
=======
09/03/2021 16:09:24 [Markov]: --- New Session Started
09/03/2021 16:09:24 [GridWorld]: --- New Session Started
10/03/2021 11:12:58 [Markov]: --- New Session Started
10/03/2021 11:12:58 [GridWorld]: --- New Session Started
>>>>>>> fix TicTacToe.cs
